Base path: /home/rastap/Unity/Hub/Editor/2018.4.22f1/Editor/Data
Cmd: initializeCompiler
Cmd: compileComputeKernel
  api=4 insize=12081 outsize=1069 ok=1
Cmd: compileComputeKernel
  api=4 insize=12081 outsize=1225 ok=1
Cmd: compileComputeKernel
  api=4 insize=12081 outsize=2017 ok=1
Cmd: compileComputeKernel
  api=4 insize=12081 outsize=2641 ok=1
Cmd: compileComputeKernel
  api=4 insize=12081 outsize=1373 ok=1
Cmd: compileComputeKernel
  api=15 insize=12081 outsize=3493 ok=1
Cmd: compileComputeKernel
  api=15 insize=12081 outsize=2625 ok=1
Cmd: compileComputeKernel
  api=15 insize=12081 outsize=3813 ok=1
Cmd: compileComputeKernel
  api=15 insize=12081 outsize=3469 ok=1
Cmd: compileComputeKernel
  api=15 insize=12081 outsize=4793 ok=1
Cmd: compileComputeKernel
  api=15 insize=12081 outsize=3685 ok=1
Cmd: compileComputeKernel
  api=4 insize=73605 outsize=2789 ok=1
Cmd: compileComputeKernel
  api=4 insize=73605 outsize=7801 ok=1
Cmd: compileComputeKernel
  api=4 insize=73605 outsize=5045 ok=1
Cmd: compileComputeKernel
  api=4 insize=73605 outsize=3685 ok=1
Cmd: compileComputeKernel
  api=4 insize=73605 outsize=3685 ok=1
Cmd: compileComputeKernel
  api=4 insize=73605 outsize=6501 ok=1
Cmd: compileComputeKernel
  api=15 insize=73605 outsize=6265 ok=1
Cmd: compileComputeKernel
  api=15 insize=73605 outsize=16949 ok=1
Cmd: compileComputeKernel
  api=15 insize=73605 outsize=12129 ok=1
Cmd: compileComputeKernel
  api=15 insize=73605 outsize=13317 ok=1
Cmd: compileComputeKernel
  api=4 insize=12124 outsize=1849 ok=1
Cmd: compileComputeKernel
  api=4 insize=12124 outsize=1845 ok=1
Cmd: compileComputeKernel
  api=4 insize=12124 outsize=1845 ok=1
Cmd: compileComputeKernel
  api=4 insize=12124 outsize=1845 ok=1
Cmd: compileComputeKernel
  api=4 insize=12124 outsize=1881 ok=1
Cmd: compileComputeKernel
  api=4 insize=12124 outsize=1877 ok=1
Cmd: compileComputeKernel
  api=4 insize=12124 outsize=2021 ok=1
Cmd: compileComputeKernel
  api=4 insize=12124 outsize=2021 ok=1
Cmd: compileComputeKernel
  api=15 insize=12124 outsize=3965 ok=1
Cmd: compileComputeKernel
  api=15 insize=12124 outsize=3965 ok=1
Cmd: compileComputeKernel
  api=15 insize=12124 outsize=4729 ok=1
Cmd: compileComputeKernel
  api=15 insize=12124 outsize=3969 ok=1
Cmd: compileComputeKernel
  api=15 insize=12124 outsize=4009 ok=1
Cmd: compileComputeKernel
  api=15 insize=12124 outsize=4005 ok=1
Cmd: compileComputeKernel
  api=15 insize=12124 outsize=4005 ok=1
Cmd: compileComputeKernel
  api=15 insize=12124 outsize=4253 ok=1
Cmd: compileComputeKernel
  api=4 insize=75191 outsize=2817 ok=1
Cmd: compileComputeKernel
  api=4 insize=75191 outsize=14105 ok=1
Cmd: compileComputeKernel
  api=4 insize=75191 outsize=21381 ok=1
Cmd: compileComputeKernel
  api=4 insize=75191 outsize=23165 ok=1
Cmd: compileComputeKernel
  api=4 insize=75191 outsize=27641 ok=1
Cmd: compileComputeKernel
  api=15 insize=75191 outsize=45041 ok=1
Cmd: compileComputeKernel
  api=15 insize=75191 outsize=63661 ok=1
Cmd: compileComputeKernel
  api=15 insize=75191 outsize=67473 ok=1
Cmd: compileComputeKernel
  api=4 insize=19771 outsize=2145 ok=1
Cmd: compileComputeKernel
  api=4 insize=19771 outsize=2969 ok=1
Cmd: compileComputeKernel
  api=4 insize=19771 outsize=3065 ok=1
Cmd: compileComputeKernel
  api=4 insize=19771 outsize=5409 ok=1
Cmd: compileComputeKernel
  api=15 insize=19771 outsize=4389 ok=1
Cmd: compileComputeKernel
  api=15 insize=19771 outsize=7149 ok=1
Cmd: compileComputeKernel
  api=15 insize=19771 outsize=7005 ok=1
Cmd: compileComputeKernel
  api=15 insize=19771 outsize=11085 ok=1
Cmd: compileComputeKernel
  api=4 insize=59196 outsize=1733 ok=1
Cmd: compileComputeKernel
  api=4 insize=59196 outsize=11689 ok=1
Cmd: compileComputeKernel
  api=4 insize=59196 outsize=1697 ok=1
Cmd: compileComputeKernel
  api=4 insize=59196 outsize=2041 ok=1
Cmd: compileComputeKernel
  api=4 insize=59196 outsize=1501 ok=1
Cmd: compileComputeKernel
  api=4 insize=59196 outsize=1641 ok=1
Cmd: compileComputeKernel
  api=4 insize=59196 outsize=1621 ok=1
Cmd: compileComputeKernel
  api=4 insize=59196 outsize=1333 ok=1
Cmd: compileComputeKernel
  api=4 insize=59196 outsize=1317 ok=1
Cmd: compileComputeKernel
  api=4 insize=59196 outsize=1637 ok=1
Cmd: compileComputeKernel
  api=4 insize=59196 outsize=1529 ok=1
Cmd: compileComputeKernel
  api=4 insize=59196 outsize=1329 ok=1
Cmd: compileComputeKernel
  api=4 insize=59196 outsize=1369 ok=1
Cmd: compileComputeKernel
  api=4 insize=59196 outsize=1561 ok=1
Cmd: compileComputeKernel
  api=4 insize=59196 outsize=1317 ok=1
Cmd: compileComputeKernel
  api=4 insize=59196 outsize=1785 ok=1
Cmd: compileComputeKernel
  api=4 insize=59196 outsize=1373 ok=1
Cmd: compileComputeKernel
  api=4 insize=59196 outsize=1845 ok=1
Cmd: compileComputeKernel
  api=4 insize=59196 outsize=1845 ok=1
Cmd: compileComputeKernel
  api=4 insize=59196 outsize=1845 ok=1
Cmd: compileComputeKernel
  api=4 insize=59196 outsize=1845 ok=1
Cmd: compileComputeKernel
  api=4 insize=59196 outsize=1877 ok=1
Cmd: compileComputeKernel
  api=4 insize=59196 outsize=1877 ok=1
Cmd: compileComputeKernel
  api=4 insize=59196 outsize=2021 ok=1
Cmd: compileComputeKernel
  api=4 insize=59196 outsize=2021 ok=1
Cmd: compileComputeKernel
  api=4 insize=59196 outsize=1333 ok=1
Cmd: compileComputeKernel
  api=4 insize=59196 outsize=1309 ok=1
Cmd: compileComputeKernel
  api=4 insize=59196 outsize=2037 ok=1
Cmd: compileComputeKernel
  api=4 insize=59196 outsize=3397 ok=1
Cmd: compileComputeKernel
  api=4 insize=59196 outsize=1457 ok=1
Cmd: compileComputeKernel
  api=4 insize=59196 outsize=1689 ok=1
Cmd: compileComputeKernel
  api=4 insize=59196 outsize=2449 ok=1
Cmd: compileComputeKernel
  api=15 insize=59196 outsize=3749 ok=1
Cmd: compileComputeKernel
  api=15 insize=59196 outsize=21909 ok=1
Cmd: compileComputeKernel
  api=15 insize=59196 outsize=5061 ok=1
Cmd: compileComputeKernel
  api=15 insize=59196 outsize=4881 ok=1
Cmd: compileComputeKernel
  api=15 insize=59196 outsize=3269 ok=1
Cmd: compileComputeKernel
  api=15 insize=59196 outsize=3425 ok=1
Cmd: compileComputeKernel
  api=15 insize=59196 outsize=7025 ok=1
Cmd: compileComputeKernel
  api=15 insize=59196 outsize=3061 ok=1
Cmd: compileComputeKernel
  api=15 insize=59196 outsize=3029 ok=1
Cmd: compileComputeKernel
  api=15 insize=59196 outsize=3581 ok=1
Cmd: compileComputeKernel
  api=15 insize=59196 outsize=3357 ok=1
Cmd: compileComputeKernel
  api=15 insize=59196 outsize=3061 ok=1
Cmd: compileComputeKernel
  api=15 insize=59196 outsize=3113 ok=1
Cmd: compileComputeKernel
  api=15 insize=59196 outsize=3353 ok=1
Cmd: compileComputeKernel
  api=15 insize=59196 outsize=3057 ok=1
Cmd: compileComputeKernel
  api=15 insize=59196 outsize=3757 ok=1
Cmd: compileComputeKernel
  api=15 insize=59196 outsize=3053 ok=1
Cmd: compileComputeKernel
  api=15 insize=59196 outsize=4225 ok=1
Cmd: compileComputeKernel
  api=15 insize=59196 outsize=4225 ok=1
Cmd: compileComputeKernel
  api=15 insize=59196 outsize=4229 ok=1
Cmd: compileComputeKernel
  api=15 insize=59196 outsize=4405 ok=1
Cmd: compileComputeKernel
  api=15 insize=59196 outsize=4273 ok=1
Cmd: compileComputeKernel
  api=15 insize=59196 outsize=4269 ok=1
Cmd: compileComputeKernel
  api=15 insize=59196 outsize=4513 ok=1
Cmd: compileComputeKernel
  api=15 insize=59196 outsize=4513 ok=1
Cmd: compileComputeKernel
  api=15 insize=59196 outsize=3125 ok=1
Cmd: compileComputeKernel
  api=15 insize=59196 outsize=3109 ok=1
Cmd: compileComputeKernel
  api=15 insize=59196 outsize=3109 ok=1
Cmd: compileComputeKernel
  api=15 insize=59196 outsize=6025 ok=1
Cmd: compileComputeKernel
  api=15 insize=59196 outsize=3537 ok=1
Cmd: compileComputeKernel
  api=15 insize=59196 outsize=3953 ok=1
Cmd: compileComputeKernel
  api=15 insize=59196 outsize=5641 ok=1
Cmd: compileComputeKernel
  api=4 insize=4434 outsize=1457 ok=1
Cmd: compileComputeKernel
  api=4 insize=4434 outsize=1693 ok=1
Cmd: compileComputeKernel
  api=15 insize=4434 outsize=3313 ok=1
Cmd: compileComputeKernel
  api=15 insize=4434 outsize=3733 ok=1
Cmd: compileComputeKernel
  api=4 insize=1898 outsize=3145 ok=1
Cmd: compileComputeKernel
  api=4 insize=33531 outsize=777 ok=1
Cmd: compileComputeKernel
  api=4 insize=33531 outsize=689 ok=1
Cmd: compileComputeKernel
  api=4 insize=33531 outsize=717 ok=1
Cmd: compileComputeKernel
  api=4 insize=33531 outsize=1093 ok=1
Cmd: compileComputeKernel
  api=4 insize=33531 outsize=1013 ok=1
Cmd: compileComputeKernel
  api=4 insize=33531 outsize=777 ok=1
Cmd: compileComputeKernel
  api=4 insize=33531 outsize=1029 ok=1
Cmd: compileComputeKernel
  api=4 insize=33531 outsize=853 ok=1
Cmd: compileComputeKernel
  api=4 insize=33531 outsize=705 ok=1
Cmd: compileComputeKernel
  api=4 insize=33531 outsize=777 ok=1
Cmd: compileComputeKernel
  api=4 insize=33531 outsize=721 ok=1
Cmd: compileComputeKernel
  api=4 insize=33531 outsize=885 ok=1
Cmd: compileComputeKernel
  api=4 insize=33531 outsize=1237 ok=1
Cmd: compileComputeKernel
  api=4 insize=33531 outsize=1265 ok=1
Cmd: compileComputeKernel
  api=4 insize=33531 outsize=1561 ok=1
Cmd: compileComputeKernel
  api=4 insize=33531 outsize=1529 ok=1
Cmd: compileComputeKernel
  api=4 insize=33531 outsize=1377 ok=1
Cmd: compileComputeKernel
  api=4 insize=33531 outsize=1389 ok=1
Cmd: compileComputeKernel
  api=4 insize=33531 outsize=1473 ok=1
Cmd: compileComputeKernel
  api=4 insize=33531 outsize=1369 ok=1
Cmd: compileComputeKernel
  api=4 insize=33531 outsize=1317 ok=1
Cmd: compileComputeKernel
  api=4 insize=33531 outsize=1317 ok=1
Cmd: compileComputeKernel
  api=4 insize=33531 outsize=1293 ok=1
Cmd: compileComputeKernel
  api=4 insize=33531 outsize=1377 ok=1
Cmd: compileComputeKernel
  api=4 insize=33531 outsize=1637 ok=1
Cmd: compileComputeKernel
  api=4 insize=33531 outsize=1401 ok=1
Cmd: compileComputeKernel
  api=15 insize=33531 outsize=1373 ok=1
Cmd: compileComputeKernel
  api=15 insize=33531 outsize=1733 ok=1
Cmd: compileComputeKernel
  api=15 insize=33531 outsize=2325 ok=1
Cmd: compileComputeKernel
  api=15 insize=33531 outsize=2465 ok=1
Cmd: compileComputeKernel
  api=15 insize=33531 outsize=1841 ok=1
Cmd: compileComputeKernel
  api=15 insize=33531 outsize=1949 ok=1
Cmd: compileComputeKernel
  api=15 insize=33531 outsize=1817 ok=1
Cmd: compileComputeKernel
  api=15 insize=33531 outsize=1453 ok=1
Cmd: compileComputeKernel
  api=15 insize=33531 outsize=1869 ok=1
Cmd: compileComputeKernel
  api=15 insize=33531 outsize=1833 ok=1
Cmd: compileComputeKernel
  api=15 insize=33531 outsize=1769 ok=1
Cmd: compileComputeKernel
  api=15 insize=33531 outsize=1945 ok=1
Cmd: compileComputeKernel
  api=15 insize=33531 outsize=2869 ok=1
Cmd: compileComputeKernel
  api=15 insize=33531 outsize=2901 ok=1
Cmd: compileComputeKernel
  api=15 insize=33531 outsize=3181 ok=1
Cmd: compileComputeKernel
  api=15 insize=33531 outsize=3185 ok=1
Cmd: compileComputeKernel
  api=15 insize=33531 outsize=2973 ok=1
Cmd: compileComputeKernel
  api=15 insize=33531 outsize=2977 ok=1
Cmd: compileComputeKernel
  api=15 insize=33531 outsize=2969 ok=1
Cmd: compileComputeKernel
  api=15 insize=33531 outsize=3097 ok=1
Cmd: compileComputeKernel
  api=15 insize=33531 outsize=2885 ok=1
Cmd: compileComputeKernel
  api=15 insize=33531 outsize=2885 ok=1
Cmd: compileComputeKernel
  api=15 insize=33531 outsize=2961 ok=1
Cmd: compileComputeKernel
  api=15 insize=33531 outsize=2921 ok=1
Cmd: compileComputeKernel
  api=15 insize=33531 outsize=3021 ok=1
Cmd: compileComputeKernel
  api=15 insize=33531 outsize=3409 ok=1
Cmd: initializeCompiler
Cmd: initializeCompiler

Quitting shader compiler process
