Base path: /home/rastap/Unity/Hub/Editor/2018.4.22f1/Editor/Data
Cmd: initializeCompiler
Cmd: compileComputeKernel
  api=4 insize=12081 outsize=1585 ok=1
Cmd: compileComputeKernel
  api=4 insize=12081 outsize=1153 ok=1
Cmd: compileComputeKernel
  api=4 insize=12081 outsize=1885 ok=1
Cmd: compileComputeKernel
  api=4 insize=12081 outsize=1589 ok=1
Cmd: compileComputeKernel
  api=4 insize=12081 outsize=2225 ok=1
Cmd: compileComputeKernel
  api=15 insize=12081 outsize=3493 ok=1
Cmd: compileComputeKernel
  api=15 insize=12081 outsize=2493 ok=1
Cmd: compileComputeKernel
  api=15 insize=12081 outsize=3841 ok=1
Cmd: compileComputeKernel
  api=15 insize=12081 outsize=4021 ok=1
Cmd: compileComputeKernel
  api=15 insize=12081 outsize=4945 ok=1
Cmd: compileComputeKernel
  api=15 insize=12081 outsize=2933 ok=1
Cmd: compileComputeKernel
  api=4 insize=73605 outsize=2789 ok=1
Cmd: compileComputeKernel
  api=4 insize=73605 outsize=7801 ok=1
Cmd: compileComputeKernel
  api=4 insize=73605 outsize=5773 ok=1
Cmd: compileComputeKernel
  api=4 insize=73605 outsize=6501 ok=1
Cmd: compileComputeKernel
  api=15 insize=73605 outsize=25365 ok=1
Cmd: compileComputeKernel
  api=15 insize=73605 outsize=17065 ok=1
Cmd: compileComputeKernel
  api=4 insize=12124 outsize=1845 ok=1
Cmd: compileComputeKernel
  api=4 insize=12124 outsize=1845 ok=1
Cmd: compileComputeKernel
  api=4 insize=12124 outsize=2285 ok=1
Cmd: compileComputeKernel
  api=4 insize=12124 outsize=1845 ok=1
Cmd: compileComputeKernel
  api=4 insize=12124 outsize=1877 ok=1
Cmd: compileComputeKernel
  api=4 insize=12124 outsize=1873 ok=1
Cmd: compileComputeKernel
  api=4 insize=12124 outsize=1877 ok=1
Cmd: compileComputeKernel
  api=4 insize=12124 outsize=2021 ok=1
Cmd: compileComputeKernel
  api=15 insize=12124 outsize=3965 ok=1
Cmd: compileComputeKernel
  api=15 insize=12124 outsize=3965 ok=1
Cmd: compileComputeKernel
  api=15 insize=12124 outsize=4729 ok=1
Cmd: compileComputeKernel
  api=15 insize=12124 outsize=3969 ok=1
Cmd: compileComputeKernel
  api=15 insize=12124 outsize=4009 ok=1
Cmd: compileComputeKernel
  api=15 insize=12124 outsize=4005 ok=1
Cmd: compileComputeKernel
  api=15 insize=12124 outsize=4005 ok=1
Cmd: compileComputeKernel
  api=15 insize=12124 outsize=4253 ok=1
Cmd: compileComputeKernel
  api=4 insize=75191 outsize=6841 ok=1
Cmd: compileComputeKernel
  api=4 insize=75191 outsize=26109 ok=1
Cmd: compileComputeKernel
  api=4 insize=75191 outsize=32269 ok=1
Cmd: compileComputeKernel
  api=4 insize=75191 outsize=4449 ok=1
Cmd: compileComputeKernel
  api=4 insize=75191 outsize=4449 ok=1
Cmd: compileComputeKernel
  api=4 insize=75191 outsize=3113 ok=1
Cmd: compileComputeKernel
  api=4 insize=75191 outsize=3113 ok=1
Cmd: compileComputeKernel
  api=4 insize=75191 outsize=3757 ok=1
Cmd: compileComputeKernel
  api=4 insize=75191 outsize=3757 ok=1
Cmd: compileComputeKernel
  api=4 insize=75191 outsize=12265 ok=1
Cmd: compileComputeKernel
  api=15 insize=75191 outsize=6141 ok=1
Cmd: compileComputeKernel
  api=15 insize=75191 outsize=6177 ok=1
Cmd: compileComputeKernel
  api=15 insize=75191 outsize=17441 ok=1
Cmd: compileComputeKernel
  api=15 insize=75191 outsize=17749 ok=1
Cmd: compileComputeKernel
  api=15 insize=75191 outsize=24921 ok=1
Cmd: compileComputeKernel
  api=15 insize=75191 outsize=55725 ok=1
Cmd: compileComputeKernel
  api=15 insize=75191 outsize=50345 ok=1
Cmd: compileComputeKernel
  api=15 insize=75191 outsize=56453 ok=1
Cmd: compileComputeKernel
  api=4 insize=19771 outsize=2125 ok=1
Cmd: compileComputeKernel
  api=4 insize=19771 outsize=3177 ok=1
Cmd: compileComputeKernel
  api=4 insize=19771 outsize=3045 ok=1
Cmd: compileComputeKernel
  api=4 insize=19771 outsize=5273 ok=1
Cmd: compileComputeKernel
  api=15 insize=19771 outsize=4377 ok=1
Cmd: compileComputeKernel
  api=15 insize=19771 outsize=7369 ok=1
Cmd: compileComputeKernel
  api=15 insize=19771 outsize=7225 ok=1
Cmd: compileComputeKernel
  api=15 insize=19771 outsize=11449 ok=1
Cmd: compileComputeKernel
  api=4 insize=59196 outsize=2969 ok=1
Cmd: compileComputeKernel
  api=4 insize=59196 outsize=2685 ok=1
Cmd: compileComputeKernel
  api=4 insize=59196 outsize=2989 ok=1
Cmd: compileComputeKernel
  api=4 insize=59196 outsize=1589 ok=1
Cmd: compileComputeKernel
  api=4 insize=59196 outsize=2641 ok=1
Cmd: compileComputeKernel
  api=4 insize=59196 outsize=2089 ok=1
Cmd: compileComputeKernel
  api=4 insize=59196 outsize=1413 ok=1
Cmd: compileComputeKernel
  api=4 insize=59196 outsize=1653 ok=1
Cmd: compileComputeKernel
  api=4 insize=59196 outsize=1621 ok=1
Cmd: compileComputeKernel
  api=4 insize=59196 outsize=1333 ok=1
Cmd: compileComputeKernel
  api=4 insize=59196 outsize=1317 ok=1
Cmd: compileComputeKernel
  api=4 insize=59196 outsize=1689 ok=1
Cmd: compileComputeKernel
  api=4 insize=59196 outsize=1529 ok=1
Cmd: compileComputeKernel
  api=4 insize=59196 outsize=1329 ok=1
Cmd: compileComputeKernel
  api=4 insize=59196 outsize=1369 ok=1
Cmd: compileComputeKernel
  api=4 insize=59196 outsize=1561 ok=1
Cmd: compileComputeKernel
  api=4 insize=59196 outsize=1317 ok=1
Cmd: compileComputeKernel
  api=4 insize=59196 outsize=1785 ok=1
Cmd: compileComputeKernel
  api=4 insize=59196 outsize=1845 ok=1
Cmd: compileComputeKernel
  api=4 insize=59196 outsize=1849 ok=1
Cmd: compileComputeKernel
  api=4 insize=59196 outsize=2285 ok=1
Cmd: compileComputeKernel
  api=4 insize=59196 outsize=1845 ok=1
Cmd: compileComputeKernel
  api=4 insize=59196 outsize=2001 ok=1
Cmd: compileComputeKernel
  api=4 insize=59196 outsize=1881 ok=1
Cmd: compileComputeKernel
  api=4 insize=59196 outsize=1873 ok=1
Cmd: compileComputeKernel
  api=4 insize=59196 outsize=1873 ok=1
Cmd: compileComputeKernel
  api=4 insize=59196 outsize=2021 ok=1
Cmd: compileComputeKernel
  api=4 insize=59196 outsize=1349 ok=1
Cmd: compileComputeKernel
  api=4 insize=59196 outsize=1349 ok=1
Cmd: compileComputeKernel
  api=4 insize=59196 outsize=1353 ok=1
Cmd: compileComputeKernel
  api=4 insize=59196 outsize=3557 ok=1
Cmd: compileComputeKernel
  api=4 insize=59196 outsize=1605 ok=1
Cmd: compileComputeKernel
  api=4 insize=59196 outsize=1757 ok=1
Cmd: compileComputeKernel
  api=4 insize=59196 outsize=1437 ok=1
Cmd: compileComputeKernel
  api=4 insize=59196 outsize=2505 ok=1
Cmd: compileComputeKernel
  api=15 insize=59196 outsize=23245 ok=1
Cmd: compileComputeKernel
  api=15 insize=59196 outsize=3593 ok=1
Cmd: compileComputeKernel
  api=15 insize=59196 outsize=3701 ok=1
Cmd: compileComputeKernel
  api=15 insize=59196 outsize=3169 ok=1
Cmd: compileComputeKernel
  api=15 insize=59196 outsize=3749 ok=1
Cmd: compileComputeKernel
  api=15 insize=59196 outsize=6897 ok=1
Cmd: compileComputeKernel
  api=15 insize=59196 outsize=3061 ok=1
Cmd: compileComputeKernel
  api=15 insize=59196 outsize=3145 ok=1
Cmd: compileComputeKernel
  api=15 insize=59196 outsize=3649 ok=1
Cmd: compileComputeKernel
  api=15 insize=59196 outsize=3133 ok=1
Cmd: compileComputeKernel
  api=15 insize=59196 outsize=3285 ok=1
Cmd: compileComputeKernel
  api=15 insize=59196 outsize=4185 ok=1
Cmd: compileComputeKernel
  api=15 insize=59196 outsize=3053 ok=1
Cmd: compileComputeKernel
  api=15 insize=59196 outsize=3017 ok=1
Cmd: compileComputeKernel
  api=15 insize=59196 outsize=3129 ok=1
Cmd: compileComputeKernel
  api=15 insize=59196 outsize=4225 ok=1
Cmd: compileComputeKernel
  api=15 insize=59196 outsize=4225 ok=1
Cmd: compileComputeKernel
  api=15 insize=59196 outsize=4989 ok=1
Cmd: compileComputeKernel
  api=15 insize=59196 outsize=4229 ok=1
Cmd: compileComputeKernel
  api=15 insize=59196 outsize=4405 ok=1
Cmd: compileComputeKernel
  api=15 insize=59196 outsize=4273 ok=1
Cmd: compileComputeKernel
  api=15 insize=59196 outsize=4269 ok=1
Cmd: compileComputeKernel
  api=15 insize=59196 outsize=4509 ok=1
Cmd: compileComputeKernel
  api=15 insize=59196 outsize=3065 ok=1
Cmd: compileComputeKernel
  api=15 insize=59196 outsize=3125 ok=1
Cmd: compileComputeKernel
  api=15 insize=59196 outsize=3225 ok=1
Cmd: compileComputeKernel
  api=15 insize=59196 outsize=4505 ok=1
Cmd: compileComputeKernel
  api=15 insize=59196 outsize=6665 ok=1
Cmd: compileComputeKernel
  api=15 insize=59196 outsize=3217 ok=1
Cmd: compileComputeKernel
  api=15 insize=59196 outsize=3869 ok=1
Cmd: compileComputeKernel
  api=15 insize=59196 outsize=3133 ok=1
Cmd: compileComputeKernel
  api=15 insize=59196 outsize=5617 ok=1
Cmd: compileComputeKernel
  api=4 insize=4434 outsize=1605 ok=1
Cmd: compileComputeKernel
  api=4 insize=4434 outsize=1693 ok=1
Cmd: compileComputeKernel
  api=15 insize=4434 outsize=3305 ok=1
Cmd: compileComputeKernel
  api=15 insize=4434 outsize=3709 ok=1
Cmd: compileComputeKernel
  api=15 insize=1898 outsize=6925 ok=1
Cmd: compileComputeKernel
  api=15 insize=1898 outsize=6925 ok=1
Cmd: compileComputeKernel
  api=4 insize=33531 outsize=685 ok=1
Cmd: compileComputeKernel
  api=4 insize=33531 outsize=633 ok=1
Cmd: compileComputeKernel
  api=4 insize=33531 outsize=993 ok=1
Cmd: compileComputeKernel
  api=4 insize=33531 outsize=917 ok=1
Cmd: compileComputeKernel
  api=4 insize=33531 outsize=765 ok=1
Cmd: compileComputeKernel
  api=4 insize=33531 outsize=813 ok=1
Cmd: compileComputeKernel
  api=4 insize=33531 outsize=957 ok=1
Cmd: compileComputeKernel
  api=4 insize=33531 outsize=673 ok=1
Cmd: compileComputeKernel
  api=4 insize=33531 outsize=673 ok=1
Cmd: compileComputeKernel
  api=4 insize=33531 outsize=765 ok=1
Cmd: compileComputeKernel
  api=4 insize=33531 outsize=697 ok=1
Cmd: compileComputeKernel
  api=4 insize=33531 outsize=1301 ok=1
Cmd: compileComputeKernel
  api=4 insize=33531 outsize=1329 ok=1
Cmd: compileComputeKernel
  api=4 insize=33531 outsize=1889 ok=1
Cmd: compileComputeKernel
  api=4 insize=33531 outsize=1561 ok=1
Cmd: compileComputeKernel
  api=4 insize=33531 outsize=1529 ok=1
Cmd: compileComputeKernel
  api=4 insize=33531 outsize=1377 ok=1
Cmd: compileComputeKernel
  api=4 insize=33531 outsize=1389 ok=1
Cmd: compileComputeKernel
  api=4 insize=33531 outsize=1473 ok=1
Cmd: compileComputeKernel
  api=4 insize=33531 outsize=1369 ok=1
Cmd: compileComputeKernel
  api=4 insize=33531 outsize=1317 ok=1
Cmd: compileComputeKernel
  api=4 insize=33531 outsize=1317 ok=1
Cmd: compileComputeKernel
  api=4 insize=33531 outsize=1293 ok=1
Cmd: compileComputeKernel
  api=4 insize=33531 outsize=1377 ok=1
Cmd: compileComputeKernel
  api=4 insize=33531 outsize=1637 ok=1
Cmd: compileComputeKernel
  api=4 insize=33531 outsize=1401 ok=1
Cmd: compileComputeKernel
  api=15 insize=33531 outsize=1721 ok=1
Cmd: compileComputeKernel
  api=15 insize=33531 outsize=1853 ok=1
Cmd: compileComputeKernel
  api=15 insize=33531 outsize=1453 ok=1
Cmd: compileComputeKernel
  api=15 insize=33531 outsize=2033 ok=1
Cmd: compileComputeKernel
  api=15 insize=33531 outsize=2169 ok=1
Cmd: compileComputeKernel
  api=15 insize=33531 outsize=1829 ok=1
Cmd: compileComputeKernel
  api=15 insize=33531 outsize=2145 ok=1
Cmd: compileComputeKernel
  api=15 insize=33531 outsize=1761 ok=1
Cmd: compileComputeKernel
  api=15 insize=33531 outsize=1453 ok=1
Cmd: compileComputeKernel
  api=15 insize=33531 outsize=1901 ok=1
Cmd: compileComputeKernel
  api=15 insize=33531 outsize=1893 ok=1
Cmd: compileComputeKernel
  api=15 insize=33531 outsize=2853 ok=1
Cmd: compileComputeKernel
  api=15 insize=33531 outsize=2889 ok=1
Cmd: compileComputeKernel
  api=15 insize=33531 outsize=4009 ok=1
Cmd: compileComputeKernel
  api=15 insize=33531 outsize=3229 ok=1
Cmd: compileComputeKernel
  api=15 insize=33531 outsize=3229 ok=1
Cmd: compileComputeKernel
  api=15 insize=33531 outsize=3037 ok=1
Cmd: compileComputeKernel
  api=15 insize=33531 outsize=3029 ok=1
Cmd: compileComputeKernel
  api=15 insize=33531 outsize=3157 ok=1
Cmd: compileComputeKernel
  api=15 insize=33531 outsize=3013 ok=1
Cmd: compileComputeKernel
  api=15 insize=33531 outsize=2957 ok=1
Cmd: compileComputeKernel
  api=15 insize=33531 outsize=2849 ok=1
Cmd: compileComputeKernel
  api=15 insize=33531 outsize=2949 ok=1
Cmd: compileComputeKernel
  api=15 insize=33531 outsize=3409 ok=1
Cmd: compileComputeKernel
  api=15 insize=33531 outsize=2957 ok=1
Cmd: compileComputeKernel
  api=15 insize=33531 outsize=3029 ok=1
Cmd: initializeCompiler
Cmd: initializeCompiler

Quitting shader compiler process
